<?xml version="1.0" encoding="UTF-8"?>
<!-- Generated by org.testng.reporters.JUnitXMLReporter -->
<testsuite hostname="MSI" ignored="0" name="Default test" tests="7" failures="0" timestamp="2022-10-11T13:19:13 IST" time="84.645" errors="0">
  <testcase name="closeLogin" time="1.942" classname="com.demo.FlipkartTestChrome"/>
  <testcase name="scroll" time="6.903" classname="com.demo.FlipkartTestChrome"/>
  <testcase name="searchProduct" time="5.825" classname="com.demo.FlipkartTestChrome"/>
  <testcase name="loadImage" time="10.254" classname="com.demo.FlipkartTestChrome"/>
  <testcase name="scrollFrequency" time="2.462" classname="com.demo.FlipkartTestChrome"/>
  <testcase name="downloadImages" time="0.284" classname="com.demo.FlipkartTestChrome"/>
  <testcase name="screenResolution" time="7.89" classname="com.demo.FlipkartTestChrome"/>
</testsuite> <!-- Default test -->
